<?xml version="1.0" encoding="UTF-8"?>
<testsuites name="jest tests" tests="71" failures="0" errors="0" time="8.003">
  <testsuite name="Code Judge API (e2e)" errors="0" failures="0" skipped="0" timestamp="2026-05-31T09:41:00" time="7.967" tests="71">
    <testcase classname="Code Judge API (e2e) Health Check GET /api/v1/health should return system status" name="Code Judge API (e2e) Health Check GET /api/v1/health should return system status" time="0.031">
    </testcase>
    <testcase classname="Code Judge API (e2e) Health Check should return all required health fields" name="Code Judge API (e2e) Health Check should return all required health fields" time="0.005">
    </testcase>
    <testcase classname="Code Judge API (e2e) Health Check should return services.database status" name="Code Judge API (e2e) Health Check should return services.database status" time="0.02">
    </testcase>
    <testcase classname="Code Judge API (e2e) Health Check should return queue_depth as string" name="Code Judge API (e2e) Health Check should return queue_depth as string" time="0.014">
    </testcase>
    <testcase classname="Code Judge API (e2e) Health Check should return timestamp as ISO 8601" name="Code Judge API (e2e) Health Check should return timestamp as ISO 8601" time="0.006">
    </testcase>
    <testcase classname="Code Judge API (e2e) Authentication POST /api/v1/auth/login should return 401 for invalid credentials" name="Code Judge API (e2e) Authentication POST /api/v1/auth/login should return 401 for invalid credentials" time="0.009">
    </testcase>
    <testcase classname="Code Judge API (e2e) Authentication POST /api/v1/auth/login should return 401 for non-existent user with valid sha256 format" name="Code Judge API (e2e) Authentication POST /api/v1/auth/login should return 401 for non-existent user with valid sha256 format" time="0.01">
    </testcase>
    <testcase classname="Code Judge API (e2e) Authentication POST /api/v1/auth/login should return 400 for missing username" name="Code Judge API (e2e) Authentication POST /api/v1/auth/login should return 400 for missing username" time="0.004">
    </testcase>
    <testcase classname="Code Judge API (e2e) Authentication POST /api/v1/auth/login should return 400 for missing passwordSha256" name="Code Judge API (e2e) Authentication POST /api/v1/auth/login should return 400 for missing passwordSha256" time="0.008">
    </testcase>
    <testcase classname="Code Judge API (e2e) Authentication POST /api/v1/auth/login should return 400 for non-sha256 password (validation)" name="Code Judge API (e2e) Authentication POST /api/v1/auth/login should return 400 for non-sha256 password (validation)" time="0.004">
    </testcase>
    <testcase classname="Code Judge API (e2e) Authentication POST /api/v1/auth/login should return 400 for extra fields (forbidNonWhitelisted)" name="Code Judge API (e2e) Authentication POST /api/v1/auth/login should return 400 for extra fields (forbidNonWhitelisted)" time="0.006">
    </testcase>
    <testcase classname="Code Judge API (e2e) Authentication POST /api/v1/auth/signup should allow candidate signup without email" name="Code Judge API (e2e) Authentication POST /api/v1/auth/signup should allow candidate signup without email" time="0.12">
    </testcase>
    <testcase classname="Code Judge API (e2e) Authentication POST /api/v1/auth/signup should return 400 for examiner signup without email" name="Code Judge API (e2e) Authentication POST /api/v1/auth/signup should return 400 for examiner signup without email" time="0.018">
    </testcase>
    <testcase classname="Code Judge API (e2e) Authentication POST /api/v1/auth/signup should return 400 for invalid email format" name="Code Judge API (e2e) Authentication POST /api/v1/auth/signup should return 400 for invalid email format" time="0.007">
    </testcase>
    <testcase classname="Code Judge API (e2e) Authentication POST /api/v1/auth/signup should return 400 for non-sha256 password" name="Code Judge API (e2e) Authentication POST /api/v1/auth/signup should return 400 for non-sha256 password" time="0.01">
    </testcase>
    <testcase classname="Code Judge API (e2e) Authentication POST /api/v1/auth/signup should return 400 for empty username" name="Code Judge API (e2e) Authentication POST /api/v1/auth/signup should return 400 for empty username" time="0.006">
    </testcase>
    <testcase classname="Code Judge API (e2e) Authentication Successful auth flows should login seeded admin successfully" name="Code Judge API (e2e) Authentication Successful auth flows should login seeded admin successfully" time="0.106">
    </testcase>
    <testcase classname="Code Judge API (e2e) Authentication Successful auth flows should signup a new user then login successfully" name="Code Judge API (e2e) Authentication Successful auth flows should signup a new user then login successfully" time="0.23">
    </testcase>
    <testcase classname="Code Judge API (e2e) Problems GET /api/v1/problems should return paginated list of problems" name="Code Judge API (e2e) Problems GET /api/v1/problems should return paginated list of problems" time="0.022">
    </testcase>
    <testcase classname="Code Judge API (e2e) Problems GET /api/v1/problems should return items with correct field names" name="Code Judge API (e2e) Problems GET /api/v1/problems should return items with correct field names" time="0.019">
    </testcase>
    <testcase classname="Code Judge API (e2e) Problems GET /api/v1/problems should return total and page as strings" name="Code Judge API (e2e) Problems GET /api/v1/problems should return total and page as strings" time="0.015">
    </testcase>
    <testcase classname="Code Judge API (e2e) Problems GET /api/v1/problems should support difficulty filter" name="Code Judge API (e2e) Problems GET /api/v1/problems should support difficulty filter" time="0.028">
    </testcase>
    <testcase classname="Code Judge API (e2e) Problems GET /api/v1/problems should return page 2 correctly" name="Code Judge API (e2e) Problems GET /api/v1/problems should return page 2 correctly" time="0.012">
    </testcase>
    <testcase classname="Code Judge API (e2e) Problems GET /api/v1/problems/:id should return problem detail" name="Code Judge API (e2e) Problems GET /api/v1/problems/:id should return problem detail" time="0.028">
    </testcase>
    <testcase classname="Code Judge API (e2e) Problems GET /api/v1/problems/:id should return 404 for non-existent problem" name="Code Judge API (e2e) Problems GET /api/v1/problems/:id should return 404 for non-existent problem" time="0.009">
    </testcase>
    <testcase classname="Code Judge API (e2e) Problems GET /api/v1/problems/:id should return constraints as strings" name="Code Judge API (e2e) Problems GET /api/v1/problems/:id should return constraints as strings" time="0.012">
    </testcase>
    <testcase classname="Code Judge API (e2e) Problems POST /api/v1/problems (Admin) should return 401 without auth token" name="Code Judge API (e2e) Problems POST /api/v1/problems (Admin) should return 401 without auth token" time="0.004">
    </testcase>
    <testcase classname="Code Judge API (e2e) Problems POST /api/v1/problems (Admin) should return 400 for invalid difficulty enum" name="Code Judge API (e2e) Problems POST /api/v1/problems (Admin) should return 400 for invalid difficulty enum" time="0.004">
    </testcase>
    <testcase classname="Code Judge API (e2e) Problems POST /api/v1/problems (Admin) should allow ADMIN to create a problem" name="Code Judge API (e2e) Problems POST /api/v1/problems (Admin) should allow ADMIN to create a problem" time="0.087">
    </testcase>
    <testcase classname="Code Judge API (e2e) Problems POST /api/v1/problems (Admin) should return 403 when CANDIDATE tries to create a problem" name="Code Judge API (e2e) Problems POST /api/v1/problems (Admin) should return 403 when CANDIDATE tries to create a problem" time="0.014">
    </testcase>
    <testcase classname="Code Judge API (e2e) Problems DELETE /api/v1/problems/:id should return 401 without auth token" name="Code Judge API (e2e) Problems DELETE /api/v1/problems/:id should return 401 without auth token" time="0.008">
    </testcase>
    <testcase classname="Code Judge API (e2e) Problems DELETE /api/v1/problems/:id should allow ADMIN to delete a problem" name="Code Judge API (e2e) Problems DELETE /api/v1/problems/:id should allow ADMIN to delete a problem" time="0.053">
    </testcase>
    <testcase classname="Code Judge API (e2e) Problems POST /api/v1/problems/:id/assign should return 401 without auth token" name="Code Judge API (e2e) Problems POST /api/v1/problems/:id/assign should return 401 without auth token" time="0.012">
    </testcase>
    <testcase classname="Code Judge API (e2e) Problems POST /api/v1/problems/:id/assign should allow ADMIN to assign a problem to a user" name="Code Judge API (e2e) Problems POST /api/v1/problems/:id/assign should allow ADMIN to assign a problem to a user" time="0.032">
    </testcase>
    <testcase classname="Code Judge API (e2e) Submissions POST /api/v1/submissions should return 401 without auth token" name="Code Judge API (e2e) Submissions POST /api/v1/submissions should return 401 without auth token" time="0.006">
    </testcase>
    <testcase classname="Code Judge API (e2e) Submissions POST /api/v1/submissions should accept a submission with JWT and allow polling until terminal status" name="Code Judge API (e2e) Submissions POST /api/v1/submissions should accept a submission with JWT and allow polling until terminal status" time="0.259">
    </testcase>
    <testcase classname="Code Judge API (e2e) Submissions GET /api/v1/submissions/:id should return 404 for non-existent submission" name="Code Judge API (e2e) Submissions GET /api/v1/submissions/:id should return 404 for non-existent submission" time="0.006">
    </testcase>
    <testcase classname="Code Judge API (e2e) Users GET /api/v1/users should return users list" name="Code Judge API (e2e) Users GET /api/v1/users should return users list" time="0.011">
    </testcase>
    <testcase classname="Code Judge API (e2e) Users GET /api/v1/users should return user fields with correct types" name="Code Judge API (e2e) Users GET /api/v1/users should return user fields with correct types" time="0.02">
    </testcase>
    <testcase classname="Code Judge API (e2e) Users GET /api/v1/users should not expose passwordHash" name="Code Judge API (e2e) Users GET /api/v1/users should not expose passwordHash" time="0.009">
    </testcase>
    <testcase classname="Code Judge API (e2e) Users GET /api/v1/users/:username/submissions should return 404 for non-existent user" name="Code Judge API (e2e) Users GET /api/v1/users/:username/submissions should return 404 for non-existent user" time="0.004">
    </testcase>
    <testcase classname="Code Judge API (e2e) Users GET /api/v1/users/:username/submissions should return paginated submission history for existing user" name="Code Judge API (e2e) Users GET /api/v1/users/:username/submissions should return paginated submission history for existing user" time="0.018">
    </testcase>
    <testcase classname="Code Judge API (e2e) Users GET /api/v1/users/:username/submissions should support pagination parameters" name="Code Judge API (e2e) Users GET /api/v1/users/:username/submissions should support pagination parameters" time="0.017">
    </testcase>
    <testcase classname="Code Judge API (e2e) Leaderboard GET /api/v1/leaderboard should return rankings" name="Code Judge API (e2e) Leaderboard GET /api/v1/leaderboard should return rankings" time="0.004">
    </testcase>
    <testcase classname="Code Judge API (e2e) Leaderboard GET /api/v1/leaderboard should return total and page as strings" name="Code Judge API (e2e) Leaderboard GET /api/v1/leaderboard should return total and page as strings" time="0.008">
    </testcase>
    <testcase classname="Code Judge API (e2e) Leaderboard GET /api/v1/leaderboard should return ranking items with correct fields" name="Code Judge API (e2e) Leaderboard GET /api/v1/leaderboard should return ranking items with correct fields" time="0.004">
    </testcase>
    <testcase classname="Code Judge API (e2e) Leaderboard GET /api/v1/leaderboard should support pagination" name="Code Judge API (e2e) Leaderboard GET /api/v1/leaderboard should support pagination" time="0.011">
    </testcase>
    <testcase classname="Code Judge API (e2e) Leaderboard GET /api/v1/leaderboard should have first rank starting at 1" name="Code Judge API (e2e) Leaderboard GET /api/v1/leaderboard should have first rank starting at 1" time="0.009">
    </testcase>
    <testcase classname="Code Judge API (e2e) Leaderboard GET /api/v1/leaderboard should return all ranking values as strings" name="Code Judge API (e2e) Leaderboard GET /api/v1/leaderboard should return all ranking values as strings" time="0.016">
    </testcase>
    <testcase classname="Code Judge API (e2e) Internal API GET /api/v1/internal/testcases/:id should return 401 without API key" name="Code Judge API (e2e) Internal API GET /api/v1/internal/testcases/:id should return 401 without API key" time="0.002">
    </testcase>
    <testcase classname="Code Judge API (e2e) Internal API GET /api/v1/internal/testcases/:id should return 401 with wrong API key" name="Code Judge API (e2e) Internal API GET /api/v1/internal/testcases/:id should return 401 with wrong API key" time="0.002">
    </testcase>
    <testcase classname="Code Judge API (e2e) Internal API GET /api/v1/internal/testcases/:id should return test cases with correct API key" name="Code Judge API (e2e) Internal API GET /api/v1/internal/testcases/:id should return test cases with correct API key" time="0.013">
    </testcase>
    <testcase classname="Code Judge API (e2e) Internal API GET /api/v1/internal/testcases/:id should return 404 for non-existent problem with correct API key" name="Code Judge API (e2e) Internal API GET /api/v1/internal/testcases/:id should return 404 for non-existent problem with correct API key" time="0.003">
    </testcase>
    <testcase classname="Code Judge API (e2e) Internal API GET /api/v1/internal/testcases/:id should return numeric fields as strings" name="Code Judge API (e2e) Internal API GET /api/v1/internal/testcases/:id should return numeric fields as strings" time="0.01">
    </testcase>
    <testcase classname="Code Judge API (e2e) Internal API GET /api/v1/internal/testcases/:id should include hidden testcases internally, but exclude them in public problem detail" name="Code Judge API (e2e) Internal API GET /api/v1/internal/testcases/:id should include hidden testcases internally, but exclude them in public problem detail" time="0.015">
    </testcase>
    <testcase classname="Code Judge API (e2e) Interviews GET /api/v1/interviews should return interviews list" name="Code Judge API (e2e) Interviews GET /api/v1/interviews should return interviews list" time="0.005">
    </testcase>
    <testcase classname="Code Judge API (e2e) Interviews POST /api/v1/interviews should return 401 without auth token" name="Code Judge API (e2e) Interviews POST /api/v1/interviews should return 401 without auth token" time="0.006">
    </testcase>
    <testcase classname="Code Judge API (e2e) Interviews PATCH /api/v1/interviews/:id should return 401 without auth token" name="Code Judge API (e2e) Interviews PATCH /api/v1/interviews/:id should return 401 without auth token" time="0.004">
    </testcase>
    <testcase classname="Code Judge API (e2e) Interviews DELETE /api/v1/interviews/:id should return 401 without auth token" name="Code Judge API (e2e) Interviews DELETE /api/v1/interviews/:id should return 401 without auth token" time="0.006">
    </testcase>
    <testcase classname="Code Judge API (e2e) Interview Candidates POST /api/v1/interview-candidates should return 401 without auth token" name="Code Judge API (e2e) Interview Candidates POST /api/v1/interview-candidates should return 401 without auth token" time="0.003">
    </testcase>
    <testcase classname="Code Judge API (e2e) Interview Candidates GET /api/v1/interview-candidates should return candidates list" name="Code Judge API (e2e) Interview Candidates GET /api/v1/interview-candidates should return candidates list" time="0.006">
    </testcase>
    <testcase classname="Code Judge API (e2e) Interview Candidates PATCH /api/v1/interview-candidates/:id/time should return 401 without auth token" name="Code Judge API (e2e) Interview Candidates PATCH /api/v1/interview-candidates/:id/time should return 401 without auth token" time="0.002">
    </testcase>
    <testcase classname="Code Judge API (e2e) Interview Candidates GET /api/v1/interview-candidates/:id/time-status should return 401 without auth token" name="Code Judge API (e2e) Interview Candidates GET /api/v1/interview-candidates/:id/time-status should return 401 without auth token" time="0.002">
    </testcase>
    <testcase classname="Code Judge API (e2e) Interview Candidates DELETE /api/v1/interview-candidates/:id should return 401 without auth token" name="Code Judge API (e2e) Interview Candidates DELETE /api/v1/interview-candidates/:id should return 401 without auth token" time="0.003">
    </testcase>
    <testcase classname="Code Judge API (e2e) Assignments GET /api/v1/assignments should return assignments list without auth" name="Code Judge API (e2e) Assignments GET /api/v1/assignments should return assignments list without auth" time="0.005">
    </testcase>
    <testcase classname="Code Judge API (e2e) Assignments DELETE /api/v1/assignments/:id should return 401 without auth token" name="Code Judge API (e2e) Assignments DELETE /api/v1/assignments/:id should return 401 without auth token" time="0.002">
    </testcase>
    <testcase classname="Code Judge API (e2e) Error Response Format should return standard error format for 404" name="Code Judge API (e2e) Error Response Format should return standard error format for 404" time="0.004">
    </testcase>
    <testcase classname="Code Judge API (e2e) Error Response Format should return standard error format for 401" name="Code Judge API (e2e) Error Response Format should return standard error format for 401" time="0.002">
    </testcase>
    <testcase classname="Code Judge API (e2e) Error Response Format should return standard error format for 400 (validation)" name="Code Judge API (e2e) Error Response Format should return standard error format for 400 (validation)" time="0.003">
    </testcase>
    <testcase classname="Code Judge API (e2e) Global Routing should return 404 for paths without /api/v1 prefix" name="Code Judge API (e2e) Global Routing should return 404 for paths without /api/v1 prefix" time="0.006">
    </testcase>
    <testcase classname="Code Judge API (e2e) Global Routing should return 404 for unknown routes" name="Code Judge API (e2e) Global Routing should return 404 for unknown routes" time="0.022">
    </testcase>
  </testsuite>
</testsuites>