<?xml version="1.0" encoding="UTF-8"?>
<testsuites name="jest tests" tests="17" failures="0" errors="0" time="2.115">
  <testsuite name="JudgeService" errors="0" failures="0" skipped="0" timestamp="2026-06-01T04:08:24" time="2.064" tests="17">
    <testcase classname="JudgeService should be defined" name="JudgeService should be defined" time="0.008">
    </testcase>
    <testcase classname="JudgeService run() with unsupported language should return INTERNAL_ERROR for java" name="JudgeService run() with unsupported language should return INTERNAL_ERROR for java" time="0.002">
    </testcase>
    <testcase classname="JudgeService run() with unsupported language should preserve expectedOutput in result" name="JudgeService run() with unsupported language should preserve expectedOutput in result" time="0.014">
    </testcase>
    <testcase classname="JudgeService run() with unsupported language should return empty stdout/stderr for unsupported language" name="JudgeService run() with unsupported language should return empty stdout/stderr for unsupported language" time="0.001">
    </testcase>
    <testcase classname="JudgeService run() with supported languages should run python3 with the python image" name="JudgeService run() with supported languages should run python3 with the python image" time="0.003">
    </testcase>
    <testcase classname="JudgeService run() with supported languages should compile and run C++ with gcc image" name="JudgeService run() with supported languages should compile and run C++ with gcc image" time="0.002">
    </testcase>
    <testcase classname="JudgeService run() with supported languages should compile and run C with gcc image" name="JudgeService run() with supported languages should compile and run C with gcc image" time="0.001">
    </testcase>
    <testcase classname="JudgeService run() with javascript should return ACCEPTED when stdout matches expectedOutput" name="JudgeService run() with javascript should return ACCEPTED when stdout matches expectedOutput" time="0.001">
    </testcase>
    <testcase classname="JudgeService run() with javascript should return WRONG_ANSWER when stdout does not match" name="JudgeService run() with javascript should return WRONG_ANSWER when stdout does not match" time="0.002">
    </testcase>
    <testcase classname="JudgeService run() with javascript should return RUNTIME_ERROR on non-zero exit code" name="JudgeService run() with javascript should return RUNTIME_ERROR on non-zero exit code" time="0.002">
    </testcase>
    <testcase classname="JudgeService run() with javascript should return TIME_LIMIT_EXCEEDED when process is killed via SIGTERM" name="JudgeService run() with javascript should return TIME_LIMIT_EXCEEDED when process is killed via SIGTERM" time="0.002">
    </testcase>
    <testcase classname="JudgeService run() with javascript should return INTERNAL_ERROR when docker command is not found (ENOENT)" name="JudgeService run() with javascript should return INTERNAL_ERROR when docker command is not found (ENOENT)" time="0.001">
    </testcase>
    <testcase classname="JudgeService run() with javascript should include stdout and stderr from docker in the result" name="JudgeService run() with javascript should include stdout and stderr from docker in the result" time="0.002">
    </testcase>
    <testcase classname="JudgeService run() with javascript should normalise trailing whitespace / CRLF for comparison" name="JudgeService run() with javascript should normalise trailing whitespace / CRLF for comparison" time="0.001">
    </testcase>
    <testcase classname="JudgeService run() with javascript should clean up the temp workdir even when docker fails" name="JudgeService run() with javascript should clean up the temp workdir even when docker fails" time="0.002">
    </testcase>
    <testcase classname="JudgeService run() with javascript should write both submission.js and runner.js to the workdir" name="JudgeService run() with javascript should write both submission.js and runner.js to the workdir" time="0.002">
    </testcase>
    <testcase classname="JudgeService run() with javascript should send the input string to docker stdin" name="JudgeService run() with javascript should send the input string to docker stdin" time="0.001">
    </testcase>
  </testsuite>
</testsuites>